============================================================
Lattice-Based Cryptography Scaling Analysis - EXPERIMENT 1: RUNTIME
Message: 'This is a secret Message!'
Noise Level: 0.25
Testing Dimensions: 2 to 200
============================================================

--- Testing Dimension 2 ---
  Message encrypted in 1.41 ms.
  Good Basis Decrypt: 100.0% success in 0.05 ms
    - Decrypted Msg: 'This is a secret Message!'
  Bad Basis Decrypt:  100.0% success in 10.17 ms
    - Decrypted Msg: 'This is a secret Message!'

--- Testing Dimension 3 ---
  Message encrypted in 0.27 ms.
  Good Basis Decrypt: 100.0% success in 0.03 ms
    - Decrypted Msg: 'This is a secret Message!'
  Bad Basis Decrypt:  100.0% success in 1.21 ms
    - Decrypted Msg: 'This is a secret Message!'

--- Testing Dimension 4 ---
  Message encrypted in 0.22 ms.
  Good Basis Decrypt: 100.0% success in 0.03 ms
    - Decrypted Msg: 'This is a secret Message!'
  Bad Basis Decrypt:  100.0% success in 1.01 ms
    - Decrypted Msg: 'This is a secret Message!'

--- Testing Dimension 5 ---
  Message encrypted in 0.29 ms.
  Good Basis Decrypt: 100.0% success in 0.03 ms
    - Decrypted Msg: 'This is a secret Message!'
  Bad Basis Decrypt:  100.0% success in 0.98 ms
    - Decrypted Msg: 'This is a secret Message!'

--- Testing Dimension 6 ---
  Message encrypted in 0.16 ms.
  Good Basis Decrypt: 100.0% success in 0.03 ms
    - Decrypted Msg: 'This is a secret Message!'
  Bad Basis Decrypt:  100.0% success in 1.06 ms
    - Decrypted Msg: 'This is a secret Message!'

--- Testing Dimension 7 ---
  Message encrypted in 0.14 ms.
  Good Basis Decrypt: 100.0% success in 0.03 ms
    - Decrypted Msg: 'This is a secret Message!'
  Bad Basis Decrypt:  100.0% success in 0.91 ms
    - Decrypted Msg: 'This is a secret Message!'

--- Testing Dimension 8 ---
  Message encrypted in 0.12 ms.
  Good Basis Decrypt: 100.0% success in 0.03 ms
    - Decrypted Msg: 'This is a secret Message!'
  Bad Basis Decrypt:  100.0% success in 0.98 ms
    - Decrypted Msg: 'This is a secret Message!'

--- Testing Dimension 9 ---
  Message encrypted in 0.13 ms.
  Good Basis Decrypt: 100.0% success in 0.03 ms
    - Decrypted Msg: 'This is a secret Message!'
  Bad Basis Decrypt:  100.0% success in 1.02 ms
    - Decrypted Msg: 'This is a secret Message!'

--- Testing Dimension 10 ---
  Message encrypted in 0.11 ms.
  Good Basis Decrypt: 100.0% success in 0.02 ms
    - Decrypted Msg: 'This is a secret Message!'
  Bad Basis Decrypt:  100.0% success in 0.98 ms
    - Decrypted Msg: 'This is a secret Message!'

--- Testing Dimension 11 ---
  Message encrypted in 0.11 ms.
  Good Basis Decrypt: 100.0% success in 0.03 ms
    - Decrypted Msg: 'This is a secret Message!'
  Bad Basis Decrypt:  100.0% success in 1.03 ms
    - Decrypted Msg: 'This is a secret Message!'

--- Testing Dimension 12 ---
  Message encrypted in 0.12 ms.
  Good Basis Decrypt: 100.0% success in 0.03 ms
    - Decrypted Msg: 'This is a secret Message!'
  Bad Basis Decrypt:  100.0% success in 1.08 ms
    - Decrypted Msg: 'This is a secret Message!'

--- Testing Dimension 13 ---
  Message encrypted in 0.09 ms.
  Good Basis Decrypt: 100.0% success in 0.03 ms
    - Decrypted Msg: 'This is a secret Message!'
  Bad Basis Decrypt:  100.0% success in 1.13 ms
    - Decrypted Msg: 'This is a secret Message!'

--- Testing Dimension 14 ---
  Message encrypted in 0.09 ms.
  Good Basis Decrypt: 100.0% success in 0.02 ms
    - Decrypted Msg: 'This is a secret Message!'
  Bad Basis Decrypt:  100.0% success in 1.16 ms
    - Decrypted Msg: 'This is a secret Message!'

--- Testing Dimension 15 ---
  Message encrypted in 0.18 ms.
  Good Basis Decrypt: 100.0% success in 0.03 ms
    - Decrypted Msg: 'This is a secret Message!'
  Bad Basis Decrypt:  100.0% success in 1.29 ms
    - Decrypted Msg: 'This is a secret Message!'

--- Testing Dimension 16 ---
  Message encrypted in 0.09 ms.
  Good Basis Decrypt: 100.0% success in 0.04 ms
    - Decrypted Msg: 'This is a secret Message!'
  Bad Basis Decrypt:  100.0% success in 1.22 ms
    - Decrypted Msg: 'This is a secret Message!'

--- Testing Dimension 17 ---
  Message encrypted in 0.08 ms.
  Good Basis Decrypt: 100.0% success in 0.02 ms
    - Decrypted Msg: 'This is a secret Message!'
  Bad Basis Decrypt:  100.0% success in 1.31 ms
    - Decrypted Msg: 'This is a secret Message!'

--- Testing Dimension 18 ---
  Message encrypted in 0.10 ms.
  Good Basis Decrypt: 100.0% success in 0.03 ms
    - Decrypted Msg: 'This is a secret Message!'
  Bad Basis Decrypt:  100.0% success in 1.47 ms
    - Decrypted Msg: 'This is a secret Message!'

--- Testing Dimension 19 ---
  Message encrypted in 0.08 ms.
  Good Basis Decrypt: 100.0% success in 0.03 ms
    - Decrypted Msg: 'This is a secret Message!'
  Bad Basis Decrypt:  100.0% success in 1.49 ms
    - Decrypted Msg: 'This is a secret Message!'

--- Testing Dimension 20 ---
  Message encrypted in 0.08 ms.
  Good Basis Decrypt: 100.0% success in 0.02 ms
    - Decrypted Msg: 'This is a secret Message!'
  Bad Basis Decrypt:  100.0% success in 1.47 ms
    - Decrypted Msg: 'This is a secret Message!'

--- Testing Dimension 21 ---
  Message encrypted in 0.10 ms.
  Good Basis Decrypt: 100.0% success in 0.02 ms
    - Decrypted Msg: 'This is a secret Message!'
  Bad Basis Decrypt:  100.0% success in 1.67 ms
    - Decrypted Msg: 'This is a secret Message!'

--- Testing Dimension 22 ---
  Message encrypted in 0.10 ms.
  Good Basis Decrypt: 100.0% success in 0.03 ms
    - Decrypted Msg: 'This is a secret Message!'
  Bad Basis Decrypt:  100.0% success in 1.79 ms
    - Decrypted Msg: 'This is a secret Message!'

--- Testing Dimension 23 ---
  Message encrypted in 0.07 ms.
  Good Basis Decrypt: 100.0% success in 0.02 ms
    - Decrypted Msg: 'This is a secret Message!'
  Bad Basis Decrypt:  100.0% success in 1.75 ms
    - Decrypted Msg: 'This is a secret Message!'

--- Testing Dimension 24 ---
  Message encrypted in 0.07 ms.
  Good Basis Decrypt: 100.0% success in 0.02 ms
    - Decrypted Msg: 'This is a secret Message!'
  Bad Basis Decrypt:  100.0% success in 1.89 ms
    - Decrypted Msg: 'This is a secret Message!'

--- Testing Dimension 25 ---
  Message encrypted in 0.07 ms.
  Good Basis Decrypt: 100.0% success in 0.03 ms
    - Decrypted Msg: 'This is a secret Message!'
  Bad Basis Decrypt:  100.0% success in 1.90 ms
    - Decrypted Msg: 'This is a secret Message!'

--- Testing Dimension 26 ---
  Message encrypted in 0.07 ms.
  Good Basis Decrypt: 100.0% success in 0.02 ms
    - Decrypted Msg: 'This is a secret Message!'
  Bad Basis Decrypt:  100.0% success in 1.96 ms
    - Decrypted Msg: 'This is a secret Message!'

--- Testing Dimension 27 ---
  Message encrypted in 0.10 ms.
  Good Basis Decrypt: 100.0% success in 0.03 ms
    - Decrypted Msg: 'This is a secret Message!'
  Bad Basis Decrypt:  100.0% success in 2.13 ms
    - Decrypted Msg: 'This is a secret Message!'

--- Testing Dimension 28 ---
  Message encrypted in 0.07 ms.
  Good Basis Decrypt: 100.0% success in 0.03 ms
    - Decrypted Msg: 'This is a secret Message!'
  Bad Basis Decrypt:  100.0% success in 2.37 ms
    - Decrypted Msg: 'This is a secret Message!'

--- Testing Dimension 29 ---
  Message encrypted in 0.07 ms.
  Good Basis Decrypt: 100.0% success in 0.04 ms
    - Decrypted Msg: 'This is a secret Message!'
  Bad Basis Decrypt:  100.0% success in 2.87 ms
    - Decrypted Msg: 'This is a secret Message!'

--- Testing Dimension 30 ---
  Message encrypted in 0.07 ms.
  Good Basis Decrypt: 100.0% success in 0.02 ms
    - Decrypted Msg: 'This is a secret Message!'
  Bad Basis Decrypt:  100.0% success in 2.38 ms
    - Decrypted Msg: 'This is a secret Message!'

--- Testing Dimension 31 ---
  Message encrypted in 0.07 ms.
  Good Basis Decrypt: 100.0% success in 0.03 ms
    - Decrypted Msg: 'This is a secret Message!'
  Bad Basis Decrypt:  100.0% success in 2.53 ms
    - Decrypted Msg: 'This is a secret Message!'

--- Testing Dimension 32 ---
  Message encrypted in 0.07 ms.
  Good Basis Decrypt: 100.0% success in 0.03 ms
    - Decrypted Msg: 'This is a secret Message!'
  Bad Basis Decrypt:  100.0% success in 2.89 ms
    - Decrypted Msg: 'This is a secret Message!'

--- Testing Dimension 33 ---
  Message encrypted in 0.07 ms.
  Good Basis Decrypt: 100.0% success in 0.04 ms
    - Decrypted Msg: 'This is a secret Message!'
  Bad Basis Decrypt:  100.0% success in 3.26 ms
    - Decrypted Msg: 'This is a secret Message!'

--- Testing Dimension 34 ---
  Message encrypted in 0.07 ms.
  Good Basis Decrypt: 100.0% success in 0.04 ms
    - Decrypted Msg: 'This is a secret Message!'
  Bad Basis Decrypt:  100.0% success in 3.03 ms
    - Decrypted Msg: 'This is a secret Message!'

--- Testing Dimension 35 ---
  Message encrypted in 0.07 ms.
  Good Basis Decrypt: 100.0% success in 0.03 ms
    - Decrypted Msg: 'This is a secret Message!'
  Bad Basis Decrypt:  100.0% success in 3.71 ms
    - Decrypted Msg: 'This is a secret Message!'

--- Testing Dimension 36 ---
  Message encrypted in 0.10 ms.
  Good Basis Decrypt: 100.0% success in 0.03 ms
    - Decrypted Msg: 'This is a secret Message!'
  Bad Basis Decrypt:  100.0% success in 3.78 ms
    - Decrypted Msg: 'This is a secret Message!'

--- Testing Dimension 37 ---
  Message encrypted in 0.08 ms.
  Good Basis Decrypt: 100.0% success in 0.03 ms
    - Decrypted Msg: 'This is a secret Message!'
  Bad Basis Decrypt:  100.0% success in 3.77 ms
    - Decrypted Msg: 'This is a secret Message!'

--- Testing Dimension 38 ---
  Message encrypted in 0.11 ms.
  Good Basis Decrypt: 100.0% success in 0.06 ms
    - Decrypted Msg: 'This is a secret Message!'
  Bad Basis Decrypt:  100.0% success in 4.40 ms
    - Decrypted Msg: 'This is a secret Message!'

--- Testing Dimension 39 ---
  Message encrypted in 0.13 ms.
  Good Basis Decrypt: 100.0% success in 0.03 ms
    - Decrypted Msg: 'This is a secret Message!'
  Bad Basis Decrypt:  100.0% success in 4.22 ms
    - Decrypted Msg: 'This is a secret Message!'

--- Testing Dimension 40 ---
  Message encrypted in 0.07 ms.
  Good Basis Decrypt: 100.0% success in 0.02 ms
    - Decrypted Msg: 'This is a secret Message!'
  Bad Basis Decrypt:  100.0% success in 3.82 ms
    - Decrypted Msg: 'This is a secret Message!'

--- Testing Dimension 41 ---
  Message encrypted in 0.07 ms.
  Good Basis Decrypt: 100.0% success in 0.03 ms
    - Decrypted Msg: 'This is a secret Message!'
  Bad Basis Decrypt:  100.0% success in 3.81 ms
    - Decrypted Msg: 'This is a secret Message!'

--- Testing Dimension 42 ---
  Message encrypted in 0.07 ms.
  Good Basis Decrypt: 100.0% success in 0.03 ms
    - Decrypted Msg: 'This is a secret Message!'
  Bad Basis Decrypt:  100.0% success in 4.13 ms
    - Decrypted Msg: 'This is a secret Message!'

--- Testing Dimension 43 ---
  Message encrypted in 0.08 ms.
  Good Basis Decrypt: 100.0% success in 0.03 ms
    - Decrypted Msg: 'This is a secret Message!'
  Bad Basis Decrypt:  100.0% success in 4.18 ms
    - Decrypted Msg: 'This is a secret Message!'

--- Testing Dimension 44 ---
  Message encrypted in 0.09 ms.
  Good Basis Decrypt: 100.0% success in 0.03 ms
    - Decrypted Msg: 'This is a secret Message!'
  Bad Basis Decrypt:  100.0% success in 4.61 ms
    - Decrypted Msg: 'This is a secret Message!'

--- Testing Dimension 45 ---
  Message encrypted in 0.09 ms.
  Good Basis Decrypt: 100.0% success in 0.03 ms
    - Decrypted Msg: 'This is a secret Message!'
  Bad Basis Decrypt:  100.0% success in 4.64 ms
    - Decrypted Msg: 'This is a secret Message!'

--- Testing Dimension 46 ---
  Message encrypted in 0.07 ms.
  Good Basis Decrypt: 100.0% success in 0.03 ms
    - Decrypted Msg: 'This is a secret Message!'
  Bad Basis Decrypt:  100.0% success in 4.80 ms
    - Decrypted Msg: 'This is a secret Message!'

--- Testing Dimension 47 ---
  Message encrypted in 0.08 ms.
  Good Basis Decrypt: 100.0% success in 0.03 ms
    - Decrypted Msg: 'This is a secret Message!'
  Bad Basis Decrypt:  100.0% success in 5.53 ms
    - Decrypted Msg: 'This is a secret Message!'

--- Testing Dimension 48 ---
  Message encrypted in 0.08 ms.
  Good Basis Decrypt: 100.0% success in 0.03 ms
    - Decrypted Msg: 'This is a secret Message!'
  Bad Basis Decrypt:  100.0% success in 5.76 ms
    - Decrypted Msg: 'This is a secret Message!'

--- Testing Dimension 49 ---
  Message encrypted in 0.08 ms.
  Good Basis Decrypt: 100.0% success in 0.03 ms
    - Decrypted Msg: 'This is a secret Message!'
  Bad Basis Decrypt:  100.0% success in 6.05 ms
    - Decrypted Msg: 'This is a secret Message!'

--- Testing Dimension 50 ---
  Message encrypted in 0.07 ms.
  Good Basis Decrypt: 100.0% success in 0.02 ms
    - Decrypted Msg: 'This is a secret Message!'
  Bad Basis Decrypt:  100.0% success in 5.10 ms
    - Decrypted Msg: 'This is a secret Message!'

--- Testing Dimension 51 ---
  Message encrypted in 0.07 ms.
  Good Basis Decrypt: 100.0% success in 0.02 ms
    - Decrypted Msg: 'This is a secret Message!'
  Bad Basis Decrypt:  100.0% success in 5.26 ms
    - Decrypted Msg: 'This is a secret Message!'

--- Testing Dimension 52 ---
  Message encrypted in 0.07 ms.
  Good Basis Decrypt: 100.0% success in 0.07 ms
    - Decrypted Msg: 'This is a secret Message!'
  Bad Basis Decrypt:  100.0% success in 5.35 ms
    - Decrypted Msg: 'This is a secret Message!'

--- Testing Dimension 53 ---
  Message encrypted in 0.07 ms.
  Good Basis Decrypt: 100.0% success in 0.03 ms
    - Decrypted Msg: 'This is a secret Message!'
  Bad Basis Decrypt:  100.0% success in 5.44 ms
    - Decrypted Msg: 'This is a secret Message!'

--- Testing Dimension 54 ---
  Message encrypted in 0.07 ms.
  Good Basis Decrypt: 100.0% success in 0.03 ms
    - Decrypted Msg: 'This is a secret Message!'
  Bad Basis Decrypt:  100.0% success in 5.83 ms
    - Decrypted Msg: 'This is a secret Message!'

--- Testing Dimension 55 ---
  Message encrypted in 0.10 ms.
  Good Basis Decrypt: 100.0% success in 0.03 ms
    - Decrypted Msg: 'This is a secret Message!'
  Bad Basis Decrypt:  100.0% success in 6.44 ms
    - Decrypted Msg: 'This is a secret Message!'

--- Testing Dimension 56 ---
  Message encrypted in 0.07 ms.
  Good Basis Decrypt: 100.0% success in 0.03 ms
    - Decrypted Msg: 'This is a secret Message!'
  Bad Basis Decrypt:  100.0% success in 6.55 ms
    - Decrypted Msg: 'This is a secret Message!'

--- Testing Dimension 57 ---
  Message encrypted in 0.06 ms.
  Good Basis Decrypt: 100.0% success in 0.03 ms
    - Decrypted Msg: 'This is a secret Message!'
  Bad Basis Decrypt:  100.0% success in 6.59 ms
    - Decrypted Msg: 'This is a secret Message!'

--- Testing Dimension 58 ---
  Message encrypted in 0.07 ms.
  Good Basis Decrypt: 100.0% success in 0.04 ms
    - Decrypted Msg: 'This is a secret Message!'
  Bad Basis Decrypt:  100.0% success in 7.22 ms
    - Decrypted Msg: 'This is a secret Message!'

--- Testing Dimension 59 ---
  Message encrypted in 0.07 ms.
  Good Basis Decrypt: 100.0% success in 0.03 ms
    - Decrypted Msg: 'This is a secret Message!'
  Bad Basis Decrypt:  100.0% success in 7.22 ms
    - Decrypted Msg: 'This is a secret Message!'

--- Testing Dimension 60 ---
  Message encrypted in 0.07 ms.
  Good Basis Decrypt: 100.0% success in 0.04 ms
    - Decrypted Msg: 'This is a secret Message!'
  Bad Basis Decrypt:  100.0% success in 7.36 ms
    - Decrypted Msg: 'This is a secret Message!'

--- Testing Dimension 61 ---
  Message encrypted in 0.07 ms.
  Good Basis Decrypt: 100.0% success in 0.03 ms
    - Decrypted Msg: 'This is a secret Message!'
  Bad Basis Decrypt:  100.0% success in 8.31 ms
    - Decrypted Msg: 'This is a secret Message!'

--- Testing Dimension 62 ---
  Message encrypted in 0.07 ms.
  Good Basis Decrypt: 100.0% success in 0.03 ms
    - Decrypted Msg: 'This is a secret Message!'
  Bad Basis Decrypt:  100.0% success in 8.02 ms
    - Decrypted Msg: 'This is a secret Message!'

--- Testing Dimension 63 ---
  Message encrypted in 0.09 ms.
  Good Basis Decrypt: 100.0% success in 0.03 ms
    - Decrypted Msg: 'This is a secret Message!'
  Bad Basis Decrypt:  100.0% success in 8.26 ms
    - Decrypted Msg: 'This is a secret Message!'

--- Testing Dimension 64 ---
  Message encrypted in 0.07 ms.
  Good Basis Decrypt: 100.0% success in 0.04 ms
    - Decrypted Msg: 'This is a secret Message!'
  Bad Basis Decrypt:  100.0% success in 8.83 ms
    - Decrypted Msg: 'This is a secret Message!'

--- Testing Dimension 65 ---
  Message encrypted in 0.07 ms.
  Good Basis Decrypt: 100.0% success in 0.03 ms
    - Decrypted Msg: 'This is a secret Message!'
  Bad Basis Decrypt:  100.0% success in 8.98 ms
    - Decrypted Msg: 'This is a secret Message!'

--- Testing Dimension 66 ---
  Message encrypted in 0.08 ms.
  Good Basis Decrypt: 100.0% success in 0.03 ms
    - Decrypted Msg: 'This is a secret Message!'
  Bad Basis Decrypt:  100.0% success in 9.77 ms
    - Decrypted Msg: 'This is a secret Message!'

--- Testing Dimension 67 ---
  Message encrypted in 0.06 ms.
  Good Basis Decrypt: 100.0% success in 0.02 ms
    - Decrypted Msg: 'This is a secret Message!'
  Bad Basis Decrypt:  100.0% success in 7.75 ms
    - Decrypted Msg: 'This is a secret Message!'

--- Testing Dimension 68 ---
  Message encrypted in 0.06 ms.
  Good Basis Decrypt: 100.0% success in 0.02 ms
    - Decrypted Msg: 'This is a secret Message!'
  Bad Basis Decrypt:  100.0% success in 7.93 ms
    - Decrypted Msg: 'This is a secret Message!'

--- Testing Dimension 69 ---
  Message encrypted in 0.06 ms.
  Good Basis Decrypt: 100.0% success in 0.02 ms
    - Decrypted Msg: 'This is a secret Message!'
  Bad Basis Decrypt:  100.0% success in 8.47 ms
    - Decrypted Msg: 'This is a secret Message!'

--- Testing Dimension 70 ---
  Message encrypted in 0.06 ms.
  Good Basis Decrypt: 100.0% success in 0.02 ms
    - Decrypted Msg: 'This is a secret Message!'
  Bad Basis Decrypt:  100.0% success in 8.46 ms
    - Decrypted Msg: 'This is a secret Message!'

--- Testing Dimension 71 ---
  Message encrypted in 0.05 ms.
  Good Basis Decrypt: 100.0% success in 0.02 ms
    - Decrypted Msg: 'This is a secret Message!'
  Bad Basis Decrypt:  100.0% success in 9.00 ms
    - Decrypted Msg: 'This is a secret Message!'

--- Testing Dimension 72 ---
  Message encrypted in 0.07 ms.
  Good Basis Decrypt: 100.0% success in 0.04 ms
    - Decrypted Msg: 'This is a secret Message!'
  Bad Basis Decrypt:  100.0% success in 9.39 ms
    - Decrypted Msg: 'This is a secret Message!'

--- Testing Dimension 73 ---
  Message encrypted in 0.07 ms.
  Good Basis Decrypt: 100.0% success in 0.03 ms
    - Decrypted Msg: 'This is a secret Message!'
  Bad Basis Decrypt:  100.0% success in 9.76 ms
    - Decrypted Msg: 'This is a secret Message!'

--- Testing Dimension 74 ---
  Message encrypted in 0.06 ms.
  Good Basis Decrypt: 100.0% success in 0.03 ms
    - Decrypted Msg: 'This is a secret Message!'
  Bad Basis Decrypt:  100.0% success in 10.08 ms
    - Decrypted Msg: 'This is a secret Message!'

--- Testing Dimension 75 ---
  Message encrypted in 0.07 ms.
  Good Basis Decrypt: 100.0% success in 0.03 ms
    - Decrypted Msg: 'This is a secret Message!'
  Bad Basis Decrypt:  100.0% success in 10.48 ms
    - Decrypted Msg: 'This is a secret Message!'

--- Testing Dimension 76 ---
  Message encrypted in 0.08 ms.
  Good Basis Decrypt: 100.0% success in 0.03 ms
    - Decrypted Msg: 'This is a secret Message!'
  Bad Basis Decrypt:  100.0% success in 11.19 ms
    - Decrypted Msg: 'This is a secret Message!'

--- Testing Dimension 77 ---
  Message encrypted in 0.07 ms.
  Good Basis Decrypt: 100.0% success in 0.03 ms
    - Decrypted Msg: 'This is a secret Message!'
  Bad Basis Decrypt:  100.0% success in 11.53 ms
    - Decrypted Msg: 'This is a secret Message!'

--- Testing Dimension 78 ---
  Message encrypted in 0.07 ms.
  Good Basis Decrypt: 100.0% success in 0.03 ms
    - Decrypted Msg: 'This is a secret Message!'
  Bad Basis Decrypt:  100.0% success in 11.76 ms
    - Decrypted Msg: 'This is a secret Message!'

--- Testing Dimension 79 ---
  Message encrypted in 0.07 ms.
  Good Basis Decrypt: 100.0% success in 0.03 ms
    - Decrypted Msg: 'This is a secret Message!'
  Bad Basis Decrypt:  100.0% success in 12.57 ms
    - Decrypted Msg: 'This is a secret Message!'

--- Testing Dimension 80 ---
  Message encrypted in 0.10 ms.
  Good Basis Decrypt: 100.0% success in 0.04 ms
    - Decrypted Msg: 'This is a secret Message!'
  Bad Basis Decrypt:  100.0% success in 13.50 ms
    - Decrypted Msg: 'This is a secret Message!'

--- Testing Dimension 81 ---
  Message encrypted in 0.10 ms.
  Good Basis Decrypt: 100.0% success in 0.03 ms
    - Decrypted Msg: 'This is a secret Message!'
  Bad Basis Decrypt:  100.0% success in 13.06 ms
    - Decrypted Msg: 'This is a secret Message!'

--- Testing Dimension 82 ---
  Message encrypted in 0.07 ms.
  Good Basis Decrypt: 100.0% success in 0.03 ms
    - Decrypted Msg: 'This is a secret Message!'
  Bad Basis Decrypt:  100.0% success in 13.63 ms
    - Decrypted Msg: 'This is a secret Message!'

--- Testing Dimension 83 ---
  Message encrypted in 0.07 ms.
  Good Basis Decrypt: 100.0% success in 0.04 ms
    - Decrypted Msg: 'This is a secret Message!'
  Bad Basis Decrypt:  100.0% success in 14.02 ms
    - Decrypted Msg: 'This is a secret Message!'

--- Testing Dimension 84 ---
  Message encrypted in 0.07 ms.
  Good Basis Decrypt: 100.0% success in 0.03 ms
    - Decrypted Msg: 'This is a secret Message!'
  Bad Basis Decrypt:  100.0% success in 14.41 ms
    - Decrypted Msg: 'This is a secret Message!'

--- Testing Dimension 85 ---
  Message encrypted in 0.07 ms.
  Good Basis Decrypt: 100.0% success in 0.03 ms
    - Decrypted Msg: 'This is a secret Message!'
  Bad Basis Decrypt:  100.0% success in 13.90 ms
    - Decrypted Msg: 'This is a secret Message!'

--- Testing Dimension 86 ---
  Message encrypted in 0.07 ms.
  Good Basis Decrypt: 100.0% success in 0.03 ms
    - Decrypted Msg: 'This is a secret Message!'
  Bad Basis Decrypt:  100.0% success in 15.21 ms
    - Decrypted Msg: 'This is a secret Message!'

--- Testing Dimension 87 ---
  Message encrypted in 0.07 ms.
  Good Basis Decrypt: 100.0% success in 0.04 ms
    - Decrypted Msg: 'This is a secret Message!'
  Bad Basis Decrypt:  100.0% success in 16.31 ms
    - Decrypted Msg: 'This is a secret Message!'

--- Testing Dimension 88 ---
  Message encrypted in 0.07 ms.
  Good Basis Decrypt: 100.0% success in 0.03 ms
    - Decrypted Msg: 'This is a secret Message!'
  Bad Basis Decrypt:  100.0% success in 16.67 ms
    - Decrypted Msg: 'This is a secret Message!'

--- Testing Dimension 89 ---
  Message encrypted in 0.09 ms.
  Good Basis Decrypt: 100.0% success in 0.03 ms
    - Decrypted Msg: 'This is a secret Message!'
  Bad Basis Decrypt:  100.0% success in 17.68 ms
    - Decrypted Msg: 'This is a secret Message!'

--- Testing Dimension 90 ---
  Message encrypted in 0.08 ms.
  Good Basis Decrypt: 100.0% success in 0.06 ms
    - Decrypted Msg: 'This is a secret Message!'
  Bad Basis Decrypt:  100.0% success in 16.43 ms
    - Decrypted Msg: 'This is a secret Message!'

--- Testing Dimension 91 ---
  Message encrypted in 0.10 ms.
  Good Basis Decrypt: 100.0% success in 0.03 ms
    - Decrypted Msg: 'This is a secret Message!'
  Bad Basis Decrypt:  100.0% success in 17.62 ms
    - Decrypted Msg: 'This is a secret Message!'

--- Testing Dimension 92 ---
  Message encrypted in 0.08 ms.
  Good Basis Decrypt: 100.0% success in 0.04 ms
    - Decrypted Msg: 'This is a secret Message!'
  Bad Basis Decrypt:  100.0% success in 17.43 ms
    - Decrypted Msg: 'This is a secret Message!'

--- Testing Dimension 93 ---
  Message encrypted in 0.08 ms.
  Good Basis Decrypt: 100.0% success in 0.03 ms
    - Decrypted Msg: 'This is a secret Message!'
  Bad Basis Decrypt:  100.0% success in 17.27 ms
    - Decrypted Msg: 'This is a secret Message!'

--- Testing Dimension 94 ---
  Message encrypted in 0.08 ms.
  Good Basis Decrypt: 100.0% success in 0.03 ms
    - Decrypted Msg: 'This is a secret Message!'
  Bad Basis Decrypt:  100.0% success in 18.40 ms
    - Decrypted Msg: 'This is a secret Message!'

--- Testing Dimension 95 ---
  Message encrypted in 0.08 ms.
  Good Basis Decrypt: 100.0% success in 0.03 ms
    - Decrypted Msg: 'This is a secret Message!'
  Bad Basis Decrypt:  100.0% success in 19.49 ms
    - Decrypted Msg: 'This is a secret Message!'

--- Testing Dimension 96 ---
  Message encrypted in 0.08 ms.
  Good Basis Decrypt: 100.0% success in 0.03 ms
    - Decrypted Msg: 'This is a secret Message!'
  Bad Basis Decrypt:  100.0% success in 19.59 ms
    - Decrypted Msg: 'This is a secret Message!'

--- Testing Dimension 97 ---
  Message encrypted in 0.08 ms.
  Good Basis Decrypt: 100.0% success in 0.05 ms
    - Decrypted Msg: 'This is a secret Message!'
  Bad Basis Decrypt:  100.0% success in 21.20 ms
    - Decrypted Msg: 'This is a secret Message!'

--- Testing Dimension 98 ---
  Message encrypted in 0.08 ms.
  Good Basis Decrypt: 100.0% success in 0.03 ms
    - Decrypted Msg: 'This is a secret Message!'
  Bad Basis Decrypt:  100.0% success in 20.82 ms
    - Decrypted Msg: 'This is a secret Message!'

--- Testing Dimension 99 ---
  Message encrypted in 0.08 ms.
  Good Basis Decrypt: 100.0% success in 0.03 ms
    - Decrypted Msg: 'This is a secret Message!'
  Bad Basis Decrypt:  100.0% success in 22.00 ms
    - Decrypted Msg: 'This is a secret Message!'

--- Testing Dimension 100 ---
  Message encrypted in 0.06 ms.
  Good Basis Decrypt: 100.0% success in 0.02 ms
    - Decrypted Msg: 'This is a secret Message!'
  Bad Basis Decrypt:  100.0% success in 17.94 ms
    - Decrypted Msg: 'This is a secret Message!'

--- Testing Dimension 101 ---
  Message encrypted in 0.06 ms.
  Good Basis Decrypt: 100.0% success in 0.02 ms
    - Decrypted Msg: 'This is a secret Message!'
  Bad Basis Decrypt:  100.0% success in 18.10 ms
    - Decrypted Msg: 'This is a secret Message!'

--- Testing Dimension 102 ---
  Message encrypted in 0.06 ms.
  Good Basis Decrypt: 100.0% success in 0.02 ms
    - Decrypted Msg: 'This is a secret Message!'
  Bad Basis Decrypt:  100.0% success in 18.31 ms
    - Decrypted Msg: 'This is a secret Message!'

--- Testing Dimension 103 ---
  Message encrypted in 0.06 ms.
  Good Basis Decrypt: 100.0% success in 0.02 ms
    - Decrypted Msg: 'This is a secret Message!'
  Bad Basis Decrypt:  100.0% success in 19.90 ms
    - Decrypted Msg: 'This is a secret Message!'

--- Testing Dimension 104 ---
  Message encrypted in 0.06 ms.
  Good Basis Decrypt: 100.0% success in 0.02 ms
    - Decrypted Msg: 'This is a secret Message!'
  Bad Basis Decrypt:  100.0% success in 21.35 ms
    - Decrypted Msg: 'This is a secret Message!'

--- Testing Dimension 105 ---
  Message encrypted in 0.06 ms.
  Good Basis Decrypt: 100.0% success in 0.02 ms
    - Decrypted Msg: 'This is a secret Message!'
  Bad Basis Decrypt:  100.0% success in 19.87 ms
    - Decrypted Msg: 'This is a secret Message!'

--- Testing Dimension 106 ---
  Message encrypted in 0.06 ms.
  Good Basis Decrypt: 100.0% success in 0.02 ms
    - Decrypted Msg: 'This is a secret Message!'
  Bad Basis Decrypt:  100.0% success in 20.22 ms
    - Decrypted Msg: 'This is a secret Message!'

--- Testing Dimension 107 ---
  Message encrypted in 0.06 ms.
  Good Basis Decrypt: 100.0% success in 0.03 ms
    - Decrypted Msg: 'This is a secret Message!'
  Bad Basis Decrypt:  100.0% success in 20.65 ms
    - Decrypted Msg: 'This is a secret Message!'

--- Testing Dimension 108 ---
  Message encrypted in 0.06 ms.
  Good Basis Decrypt: 100.0% success in 0.04 ms
    - Decrypted Msg: 'This is a secret Message!'
  Bad Basis Decrypt:  100.0% success in 23.64 ms
    - Decrypted Msg: 'This is a secret Message!'

--- Testing Dimension 109 ---
  Message encrypted in 0.06 ms.
  Good Basis Decrypt: 100.0% success in 0.03 ms
    - Decrypted Msg: 'This is a secret Message!'
  Bad Basis Decrypt:  100.0% success in 22.36 ms
    - Decrypted Msg: 'This is a secret Message!'

--- Testing Dimension 110 ---
  Message encrypted in 0.06 ms.
  Good Basis Decrypt: 100.0% success in 0.03 ms
    - Decrypted Msg: 'This is a secret Message!'
  Bad Basis Decrypt:  100.0% success in 23.61 ms
    - Decrypted Msg: 'This is a secret Message!'

--- Testing Dimension 111 ---
  Message encrypted in 0.06 ms.
  Good Basis Decrypt: 100.0% success in 0.03 ms
    - Decrypted Msg: 'This is a secret Message!'
  Bad Basis Decrypt:  100.0% success in 23.08 ms
    - Decrypted Msg: 'This is a secret Message!'

--- Testing Dimension 112 ---
  Message encrypted in 0.07 ms.
  Good Basis Decrypt: 100.0% success in 0.03 ms
    - Decrypted Msg: 'This is a secret Message!'
  Bad Basis Decrypt:  100.0% success in 25.94 ms
    - Decrypted Msg: 'This is a secret Message!'

--- Testing Dimension 113 ---
  Message encrypted in 0.13 ms.
  Good Basis Decrypt: 100.0% success in 0.03 ms
    - Decrypted Msg: 'This is a secret Message!'
  Bad Basis Decrypt:  100.0% success in 25.37 ms
    - Decrypted Msg: 'This is a secret Message!'

--- Testing Dimension 114 ---
  Message encrypted in 0.07 ms.
  Good Basis Decrypt: 100.0% success in 0.03 ms
    - Decrypted Msg: 'This is a secret Message!'
  Bad Basis Decrypt:  100.0% success in 26.24 ms
    - Decrypted Msg: 'This is a secret Message!'

--- Testing Dimension 115 ---
  Message encrypted in 0.07 ms.
  Good Basis Decrypt: 100.0% success in 0.03 ms
    - Decrypted Msg: 'This is a secret Message!'
  Bad Basis Decrypt:  100.0% success in 26.42 ms
    - Decrypted Msg: 'This is a secret Message!'

--- Testing Dimension 116 ---
  Message encrypted in 0.08 ms.
  Good Basis Decrypt: 100.0% success in 0.03 ms
    - Decrypted Msg: 'This is a secret Message!'
  Bad Basis Decrypt:  100.0% success in 25.71 ms
    - Decrypted Msg: 'This is a secret Message!'

--- Testing Dimension 117 ---
  Message encrypted in 0.07 ms.
  Good Basis Decrypt: 100.0% success in 0.04 ms
    - Decrypted Msg: 'This is a secret Message!'
  Bad Basis Decrypt:  100.0% success in 27.11 ms
    - Decrypted Msg: 'This is a secret Message!'

--- Testing Dimension 118 ---
  Message encrypted in 0.07 ms.
  Good Basis Decrypt: 100.0% success in 0.03 ms
    - Decrypted Msg: 'This is a secret Message!'
  Bad Basis Decrypt:  100.0% success in 28.74 ms
    - Decrypted Msg: 'This is a secret Message!'

--- Testing Dimension 119 ---
  Message encrypted in 0.09 ms.
  Good Basis Decrypt: 100.0% success in 0.03 ms
    - Decrypted Msg: 'This is a secret Message!'
  Bad Basis Decrypt:  100.0% success in 27.98 ms
    - Decrypted Msg: 'This is a secret Message!'

--- Testing Dimension 120 ---
  Message encrypted in 0.07 ms.
  Good Basis Decrypt: 100.0% success in 0.03 ms
    - Decrypted Msg: 'This is a secret Message!'
  Bad Basis Decrypt:  100.0% success in 30.09 ms
    - Decrypted Msg: 'This is a secret Message!'

--- Testing Dimension 121 ---
  Message encrypted in 0.07 ms.
  Good Basis Decrypt: 100.0% success in 0.03 ms
    - Decrypted Msg: 'This is a secret Message!'
  Bad Basis Decrypt:  100.0% success in 29.93 ms
    - Decrypted Msg: 'This is a secret Message!'

--- Testing Dimension 122 ---
  Message encrypted in 0.07 ms.
  Good Basis Decrypt: 100.0% success in 0.03 ms
    - Decrypted Msg: 'This is a secret Message!'
  Bad Basis Decrypt:  100.0% success in 37.63 ms
    - Decrypted Msg: 'This is a secret Message!'

--- Testing Dimension 123 ---
  Message encrypted in 0.07 ms.
  Good Basis Decrypt: 100.0% success in 0.03 ms
    - Decrypted Msg: 'This is a secret Message!'
  Bad Basis Decrypt:  100.0% success in 31.59 ms
    - Decrypted Msg: 'This is a secret Message!'

--- Testing Dimension 124 ---
  Message encrypted in 0.07 ms.
  Good Basis Decrypt: 100.0% success in 0.04 ms
    - Decrypted Msg: 'This is a secret Message!'
  Bad Basis Decrypt:  100.0% success in 32.43 ms
    - Decrypted Msg: 'This is a secret Message!'

--- Testing Dimension 125 ---
  Message encrypted in 0.09 ms.
  Good Basis Decrypt: 100.0% success in 0.03 ms
    - Decrypted Msg: 'This is a secret Message!'
  Bad Basis Decrypt:  100.0% success in 33.68 ms
    - Decrypted Msg: 'This is a secret Message!'

--- Testing Dimension 126 ---
  Message encrypted in 0.07 ms.
  Good Basis Decrypt: 100.0% success in 0.04 ms
    - Decrypted Msg: 'This is a secret Message!'
  Bad Basis Decrypt:  100.0% success in 34.80 ms
    - Decrypted Msg: 'This is a secret Message!'

--- Testing Dimension 127 ---
  Message encrypted in 0.07 ms.
  Good Basis Decrypt: 100.0% success in 0.03 ms
    - Decrypted Msg: 'This is a secret Message!'
  Bad Basis Decrypt:  100.0% success in 34.65 ms
    - Decrypted Msg: 'This is a secret Message!'

--- Testing Dimension 128 ---
  Message encrypted in 0.07 ms.
  Good Basis Decrypt: 100.0% success in 0.04 ms
    - Decrypted Msg: 'This is a secret Message!'
  Bad Basis Decrypt:  100.0% success in 37.87 ms
    - Decrypted Msg: 'This is a secret Message!'

--- Testing Dimension 129 ---
  Message encrypted in 0.07 ms.
  Good Basis Decrypt: 100.0% success in 0.03 ms
    - Decrypted Msg: 'This is a secret Message!'
  Bad Basis Decrypt:  100.0% success in 41.40 ms
    - Decrypted Msg: 'This is a secret Message!'

--- Testing Dimension 130 ---
  Message encrypted in 0.07 ms.
  Good Basis Decrypt: 100.0% success in 0.04 ms
    - Decrypted Msg: 'This is a secret Message!'
  Bad Basis Decrypt:  100.0% success in 39.22 ms
    - Decrypted Msg: 'This is a secret Message!'

--- Testing Dimension 131 ---
  Message encrypted in 0.07 ms.
  Good Basis Decrypt: 100.0% success in 0.03 ms
    - Decrypted Msg: 'This is a secret Message!'
  Bad Basis Decrypt:  100.0% success in 35.91 ms
    - Decrypted Msg: 'This is a secret Message!'

--- Testing Dimension 132 ---
  Message encrypted in 0.08 ms.
  Good Basis Decrypt: 100.0% success in 0.03 ms
    - Decrypted Msg: 'This is a secret Message!'
  Bad Basis Decrypt:  100.0% success in 41.50 ms
    - Decrypted Msg: 'This is a secret Message!'

--- Testing Dimension 133 ---
  Message encrypted in 0.07 ms.
  Good Basis Decrypt: 100.0% success in 0.03 ms
    - Decrypted Msg: 'This is a secret Message!'
  Bad Basis Decrypt:  100.0% success in 52.67 ms
    - Decrypted Msg: 'This is a secret Message!'

--- Testing Dimension 134 ---
  Message encrypted in 0.07 ms.
  Good Basis Decrypt: 100.0% success in 0.03 ms
    - Decrypted Msg: 'This is a secret Message!'
  Bad Basis Decrypt:  100.0% success in 48.32 ms
    - Decrypted Msg: 'This is a secret Message!'

--- Testing Dimension 135 ---
  Message encrypted in 0.07 ms.
  Good Basis Decrypt: 100.0% success in 0.03 ms
    - Decrypted Msg: 'This is a secret Message!'
  Bad Basis Decrypt:  100.0% success in 48.34 ms
    - Decrypted Msg: 'This is a secret Message!'

--- Testing Dimension 136 ---
  Message encrypted in 0.07 ms.
  Good Basis Decrypt: 100.0% success in 0.03 ms
    - Decrypted Msg: 'This is a secret Message!'
  Bad Basis Decrypt:  100.0% success in 46.80 ms
    - Decrypted Msg: 'This is a secret Message!'

--- Testing Dimension 137 ---
  Message encrypted in 0.07 ms.
  Good Basis Decrypt: 100.0% success in 0.03 ms
    - Decrypted Msg: 'This is a secret Message!'
  Bad Basis Decrypt:  100.0% success in 56.29 ms
    - Decrypted Msg: 'This is a secret Message!'

--- Testing Dimension 138 ---
  Message encrypted in 0.08 ms.
  Good Basis Decrypt: 100.0% success in 0.03 ms
    - Decrypted Msg: 'This is a secret Message!'
  Bad Basis Decrypt:  100.0% success in 56.78 ms
    - Decrypted Msg: 'This is a secret Message!'

--- Testing Dimension 139 ---
  Message encrypted in 0.08 ms.
  Good Basis Decrypt: 100.0% success in 0.03 ms
    - Decrypted Msg: 'This is a secret Message!'
  Bad Basis Decrypt:  100.0% success in 58.88 ms
    - Decrypted Msg: 'This is a secret Message!'

--- Testing Dimension 140 ---
  Message encrypted in 0.08 ms.
  Good Basis Decrypt: 100.0% success in 0.03 ms
    - Decrypted Msg: 'This is a secret Message!'
  Bad Basis Decrypt:  100.0% success in 55.25 ms
    - Decrypted Msg: 'This is a secret Message!'

--- Testing Dimension 141 ---
  Message encrypted in 0.08 ms.
  Good Basis Decrypt: 100.0% success in 0.03 ms
    - Decrypted Msg: 'This is a secret Message!'
  Bad Basis Decrypt:  100.0% success in 53.82 ms
    - Decrypted Msg: 'This is a secret Message!'

--- Testing Dimension 142 ---
  Message encrypted in 0.08 ms.
  Good Basis Decrypt: 100.0% success in 0.03 ms
    - Decrypted Msg: 'This is a secret Message!'
  Bad Basis Decrypt:  100.0% success in 56.76 ms
    - Decrypted Msg: 'This is a secret Message!'

--- Testing Dimension 143 ---
  Message encrypted in 0.08 ms.
  Good Basis Decrypt: 100.0% success in 0.03 ms
    - Decrypted Msg: 'This is a secret Message!'
  Bad Basis Decrypt:  100.0% success in 50.09 ms
    - Decrypted Msg: 'This is a secret Message!'

--- Testing Dimension 144 ---
  Message encrypted in 0.08 ms.
  Good Basis Decrypt: 100.0% success in 0.03 ms
    - Decrypted Msg: 'This is a secret Message!'
  Bad Basis Decrypt:  100.0% success in 70.97 ms
    - Decrypted Msg: 'This is a secret Message!'

--- Testing Dimension 145 ---
  Message encrypted in 0.11 ms.
  Good Basis Decrypt: 100.0% success in 0.03 ms
    - Decrypted Msg: 'This is a secret Message!'
  Bad Basis Decrypt:  100.0% success in 76.65 ms
    - Decrypted Msg: 'This is a secret Message!'

--- Testing Dimension 146 ---
  Message encrypted in 0.08 ms.
  Good Basis Decrypt: 100.0% success in 0.03 ms
    - Decrypted Msg: 'This is a secret Message!'
  Bad Basis Decrypt:  100.0% success in 68.86 ms
    - Decrypted Msg: 'This is a secret Message!'

--- Testing Dimension 147 ---
  Message encrypted in 0.08 ms.
  Good Basis Decrypt: 100.0% success in 0.03 ms
    - Decrypted Msg: 'This is a secret Message!'
  Bad Basis Decrypt:  100.0% success in 65.63 ms
    - Decrypted Msg: 'This is a secret Message!'

--- Testing Dimension 148 ---
  Message encrypted in 0.10 ms.
  Good Basis Decrypt: 100.0% success in 0.03 ms
    - Decrypted Msg: 'This is a secret Message!'
  Bad Basis Decrypt:  100.0% success in 60.50 ms
    - Decrypted Msg: 'This is a secret Message!'

--- Testing Dimension 149 ---
  Message encrypted in 0.08 ms.
  Good Basis Decrypt: 100.0% success in 0.03 ms
    - Decrypted Msg: 'This is a secret Message!'
  Bad Basis Decrypt:  100.0% success in 83.92 ms
    - Decrypted Msg: 'This is a secret Message!'

--- Testing Dimension 150 ---
  Message encrypted in 0.10 ms.
  Good Basis Decrypt: 100.0% success in 0.04 ms
    - Decrypted Msg: 'This is a secret Message!'
  Bad Basis Decrypt:  100.0% success in 69.64 ms
    - Decrypted Msg: 'This is a secret Message!'

--- Testing Dimension 151 ---
  Message encrypted in 0.08 ms.
  Good Basis Decrypt: 100.0% success in 0.03 ms
    - Decrypted Msg: 'This is a secret Message!'
  Bad Basis Decrypt:  100.0% success in 146.43 ms
    - Decrypted Msg: 'This is a secret Message!'

--- Testing Dimension 152 ---
  Message encrypted in 0.08 ms.
  Good Basis Decrypt: 100.0% success in 0.03 ms
    - Decrypted Msg: 'This is a secret Message!'
  Bad Basis Decrypt:  100.0% success in 76.71 ms
    - Decrypted Msg: 'This is a secret Message!'

--- Testing Dimension 153 ---
  Message encrypted in 0.09 ms.
  Good Basis Decrypt: 100.0% success in 0.04 ms
    - Decrypted Msg: 'This is a secret Message!'
  Bad Basis Decrypt:  100.0% success in 151.95 ms
    - Decrypted Msg: 'This is a secret Message!'

--- Testing Dimension 154 ---
  Message encrypted in 0.09 ms.
  Good Basis Decrypt: 100.0% success in 0.04 ms
    - Decrypted Msg: 'This is a secret Message!'
  Bad Basis Decrypt:  100.0% success in 89.57 ms
    - Decrypted Msg: 'This is a secret Message!'

--- Testing Dimension 155 ---
  Message encrypted in 0.09 ms.
  Good Basis Decrypt: 100.0% success in 0.04 ms
    - Decrypted Msg: 'This is a secret Message!'
  Bad Basis Decrypt:  100.0% success in 97.45 ms
    - Decrypted Msg: 'This is a secret Message!'

--- Testing Dimension 156 ---
  Message encrypted in 0.08 ms.
  Good Basis Decrypt: 100.0% success in 0.04 ms
    - Decrypted Msg: 'This is a secret Message!'
  Bad Basis Decrypt:  100.0% success in 127.19 ms
    - Decrypted Msg: 'This is a secret Message!'

--- Testing Dimension 157 ---
  Message encrypted in 0.08 ms.
  Good Basis Decrypt: 100.0% success in 0.04 ms
    - Decrypted Msg: 'This is a secret Message!'
  Bad Basis Decrypt:  100.0% success in 105.07 ms
    - Decrypted Msg: 'This is a secret Message!'

--- Testing Dimension 158 ---
  Message encrypted in 0.10 ms.
  Good Basis Decrypt: 100.0% success in 0.04 ms
    - Decrypted Msg: 'This is a secret Message!'
  Bad Basis Decrypt:  100.0% success in 84.91 ms
    - Decrypted Msg: 'This is a secret Message!'

--- Testing Dimension 159 ---
  Message encrypted in 0.09 ms.
  Good Basis Decrypt: 100.0% success in 0.04 ms
    - Decrypted Msg: 'This is a secret Message!'
  Bad Basis Decrypt:  100.0% success in 139.20 ms
    - Decrypted Msg: 'This is a secret Message!'

--- Testing Dimension 160 ---
  Message encrypted in 0.10 ms.
  Good Basis Decrypt: 100.0% success in 0.04 ms
    - Decrypted Msg: 'This is a secret Message!'
  Bad Basis Decrypt:  100.0% success in 146.28 ms
    - Decrypted Msg: 'This is a secret Message!'

--- Testing Dimension 161 ---
  Message encrypted in 0.08 ms.
  Good Basis Decrypt: 100.0% success in 0.04 ms
    - Decrypted Msg: 'This is a secret Message!'
  Bad Basis Decrypt:  100.0% success in 182.92 ms
    - Decrypted Msg: 'This is a secret Message!'

--- Testing Dimension 162 ---
  Message encrypted in 0.09 ms.
  Good Basis Decrypt: 100.0% success in 0.08 ms
    - Decrypted Msg: 'This is a secret Message!'
  Bad Basis Decrypt:  100.0% success in 101.45 ms
    - Decrypted Msg: 'This is a secret Message!'

--- Testing Dimension 163 ---
  Message encrypted in 0.08 ms.
  Good Basis Decrypt: 100.0% success in 0.04 ms
    - Decrypted Msg: 'This is a secret Message!'
  Bad Basis Decrypt:  100.0% success in 126.25 ms
    - Decrypted Msg: 'This is a secret Message!'

--- Testing Dimension 164 ---
  Message encrypted in 0.08 ms.
  Good Basis Decrypt: 100.0% success in 0.04 ms
    - Decrypted Msg: 'This is a secret Message!'
  Bad Basis Decrypt:  100.0% success in 139.16 ms
    - Decrypted Msg: 'This is a secret Message!'

--- Testing Dimension 165 ---
  Message encrypted in 0.10 ms.
  Good Basis Decrypt: 100.0% success in 0.04 ms
    - Decrypted Msg: 'This is a secret Message!'
  Bad Basis Decrypt:  100.0% success in 202.40 ms
    - Decrypted Msg: 'This is a secret Message!'

--- Testing Dimension 166 ---
  Message encrypted in 0.10 ms.
  Good Basis Decrypt: 100.0% success in 0.04 ms
    - Decrypted Msg: 'This is a secret Message!'
  Bad Basis Decrypt:  100.0% success in 348.41 ms
    - Decrypted Msg: 'This is a secret Message!'

--- Testing Dimension 167 ---
  Message encrypted in 0.09 ms.
  Good Basis Decrypt: 100.0% success in 0.04 ms
    - Decrypted Msg: 'This is a secret Message!'
  Bad Basis Decrypt:  100.0% success in 165.56 ms
    - Decrypted Msg: 'This is a secret Message!'

--- Testing Dimension 168 ---
  Message encrypted in 0.10 ms.
  Good Basis Decrypt: 100.0% success in 0.04 ms
    - Decrypted Msg: 'This is a secret Message!'
  Bad Basis Decrypt:  100.0% success in 172.18 ms
    - Decrypted Msg: 'This is a secret Message!'

--- Testing Dimension 169 ---
  Message encrypted in 0.11 ms.
  Good Basis Decrypt: 100.0% success in 0.04 ms
    - Decrypted Msg: 'This is a secret Message!'
  Bad Basis Decrypt:  100.0% success in 324.48 ms
    - Decrypted Msg: 'This is a secret Message!'

--- Testing Dimension 170 ---
  Message encrypted in 0.10 ms.
  Good Basis Decrypt: 100.0% success in 0.04 ms
    - Decrypted Msg: 'This is a secret Message!'
  Bad Basis Decrypt:  100.0% success in 245.31 ms
    - Decrypted Msg: 'This is a secret Message!'

--- Testing Dimension 171 ---
  Message encrypted in 0.10 ms.
  Good Basis Decrypt: 100.0% success in 0.04 ms
    - Decrypted Msg: 'This is a secret Message!'
  Bad Basis Decrypt:  100.0% success in 361.76 ms
    - Decrypted Msg: 'This is a secret Message!'

--- Testing Dimension 172 ---
  Message encrypted in 0.09 ms.
  Good Basis Decrypt: 100.0% success in 0.04 ms
    - Decrypted Msg: 'This is a secret Message!'
  Bad Basis Decrypt:  100.0% success in 321.90 ms
    - Decrypted Msg: 'This is a secret Message!'

--- Testing Dimension 173 ---
  Message encrypted in 0.09 ms.
  Good Basis Decrypt: 100.0% success in 0.05 ms
    - Decrypted Msg: 'This is a secret Message!'
  Bad Basis Decrypt:  100.0% success in 436.73 ms
    - Decrypted Msg: 'This is a secret Message!'

--- Testing Dimension 174 ---
  Message encrypted in 0.10 ms.
  Good Basis Decrypt: 100.0% success in 0.05 ms
    - Decrypted Msg: 'This is a secret Message!'
  Bad Basis Decrypt:  100.0% success in 162.07 ms
    - Decrypted Msg: 'This is a secret Message!'

--- Testing Dimension 175 ---
  Message encrypted in 0.11 ms.
  Good Basis Decrypt: 100.0% success in 0.04 ms
    - Decrypted Msg: 'This is a secret Message!'
  Bad Basis Decrypt:  100.0% success in 471.83 ms
    - Decrypted Msg: 'This is a secret Message!'

--- Testing Dimension 176 ---
  Message encrypted in 0.09 ms.
  Good Basis Decrypt: 100.0% success in 0.05 ms
    - Decrypted Msg: 'This is a secret Message!'
  Bad Basis Decrypt:  100.0% success in 376.43 ms
    - Decrypted Msg: 'This is a secret Message!'

--- Testing Dimension 177 ---
  Message encrypted in 0.12 ms.
  Good Basis Decrypt: 100.0% success in 0.04 ms
    - Decrypted Msg: 'This is a secret Message!'
  Bad Basis Decrypt:  100.0% success in 391.12 ms
    - Decrypted Msg: 'This is a secret Message!'

--- Testing Dimension 178 ---
  Message encrypted in 0.09 ms.
  Good Basis Decrypt: 100.0% success in 0.04 ms
    - Decrypted Msg: 'This is a secret Message!'
  Bad Basis Decrypt:  100.0% success in 250.20 ms
    - Decrypted Msg: 'This is a secret Message!'

--- Testing Dimension 179 ---
  Message encrypted in 0.09 ms.
  Good Basis Decrypt: 100.0% success in 0.04 ms
    - Decrypted Msg: 'This is a secret Message!'
  Bad Basis Decrypt:  100.0% success in 350.40 ms
    - Decrypted Msg: 'This is a secret Message!'

--- Testing Dimension 180 ---
  Message encrypted in 0.09 ms.
  Good Basis Decrypt: 100.0% success in 0.04 ms
    - Decrypted Msg: 'This is a secret Message!'
  Bad Basis Decrypt:  100.0% success in 293.94 ms
    - Decrypted Msg: 'This is a secret Message!'

--- Testing Dimension 181 ---
  Message encrypted in 0.10 ms.
  Good Basis Decrypt: 100.0% success in 0.04 ms
    - Decrypted Msg: 'This is a secret Message!'
  Bad Basis Decrypt:  100.0% success in 383.27 ms
    - Decrypted Msg: 'This is a secret Message!'

--- Testing Dimension 182 ---
  Message encrypted in 0.10 ms.
  Good Basis Decrypt: 100.0% success in 0.04 ms
    - Decrypted Msg: 'This is a secret Message!'
  Bad Basis Decrypt:  100.0% success in 1.08 s
    - Decrypted Msg: 'This is a secret Message!'

--- Testing Dimension 183 ---
  Message encrypted in 0.11 ms.
  Good Basis Decrypt: 100.0% success in 0.04 ms
    - Decrypted Msg: 'This is a secret Message!'
  Bad Basis Decrypt:  100.0% success in 535.65 ms
    - Decrypted Msg: 'This is a secret Message!'

--- Testing Dimension 184 ---
  Message encrypted in 0.12 ms.
  Good Basis Decrypt: 100.0% success in 0.06 ms
    - Decrypted Msg: 'This is a secret Message!'
  Bad Basis Decrypt:  100.0% success in 460.73 ms
    - Decrypted Msg: 'This is a secret Message!'

--- Testing Dimension 185 ---
  Message encrypted in 0.10 ms.
  Good Basis Decrypt: 100.0% success in 0.04 ms
    - Decrypted Msg: 'This is a secret Message!'
  Bad Basis Decrypt:  100.0% success in 1.07 s
    - Decrypted Msg: 'This is a secret Message!'

--- Testing Dimension 186 ---
  Message encrypted in 0.11 ms.
  Good Basis Decrypt: 100.0% success in 0.04 ms
    - Decrypted Msg: 'This is a secret Message!'
  Bad Basis Decrypt:  100.0% success in 515.46 ms
    - Decrypted Msg: 'This is a secret Message!'

--- Testing Dimension 187 ---
  Message encrypted in 0.09 ms.
  Good Basis Decrypt: 100.0% success in 0.04 ms
    - Decrypted Msg: 'This is a secret Message!'
  Bad Basis Decrypt:  100.0% success in 2.06 s
    - Decrypted Msg: 'This is a secret Message!'

--- Testing Dimension 188 ---
  Message encrypted in 0.10 ms.
  Good Basis Decrypt: 100.0% success in 0.04 ms
    - Decrypted Msg: 'This is a secret Message!'
  Bad Basis Decrypt:  100.0% success in 699.66 ms
    - Decrypted Msg: 'This is a secret Message!'

--- Testing Dimension 189 ---
  Message encrypted in 0.13 ms.
  Good Basis Decrypt: 100.0% success in 0.05 ms
    - Decrypted Msg: 'This is a secret Message!'
  Bad Basis Decrypt:  100.0% success in 1.17 s
    - Decrypted Msg: 'This is a secret Message!'

--- Testing Dimension 190 ---
  Message encrypted in 0.11 ms.
  Good Basis Decrypt: 100.0% success in 0.04 ms
    - Decrypted Msg: 'This is a secret Message!'
  Bad Basis Decrypt:  100.0% success in 1.07 s
    - Decrypted Msg: 'This is a secret Message!'

--- Testing Dimension 191 ---
  Message encrypted in 0.10 ms.
  Good Basis Decrypt: 100.0% success in 0.04 ms
    - Decrypted Msg: 'This is a secret Message!'
  Bad Basis Decrypt:  100.0% success in 480.24 ms
    - Decrypted Msg: 'This is a secret Message!'

--- Testing Dimension 192 ---
  Message encrypted in 0.11 ms.
  Good Basis Decrypt: 100.0% success in 0.04 ms
    - Decrypted Msg: 'This is a secret Message!'
  Bad Basis Decrypt:  100.0% success in 301.39 ms
    - Decrypted Msg: 'This is a secret Message!'

--- Testing Dimension 193 ---
  Message encrypted in 0.10 ms.
  Good Basis Decrypt: 100.0% success in 0.04 ms
    - Decrypted Msg: 'This is a secret Message!'
  Bad Basis Decrypt:  100.0% success in 643.96 ms
    - Decrypted Msg: 'This is a secret Message!'

--- Testing Dimension 194 ---
  Message encrypted in 0.12 ms.
  Good Basis Decrypt: 100.0% success in 0.04 ms
    - Decrypted Msg: 'This is a secret Message!'
  Bad Basis Decrypt:  100.0% success in 883.38 ms
    - Decrypted Msg: 'This is a secret Message!'

--- Testing Dimension 195 ---
  Message encrypted in 0.12 ms.
  Good Basis Decrypt: 100.0% success in 0.04 ms
    - Decrypted Msg: 'This is a secret Message!'
  Bad Basis Decrypt:  100.0% success in 3.92 s
    - Decrypted Msg: 'This is a secret Message!'

--- Testing Dimension 196 ---
  Message encrypted in 0.11 ms.
  Good Basis Decrypt: 100.0% success in 0.05 ms
    - Decrypted Msg: 'This is a secret Message!'
  Bad Basis Decrypt:  100.0% success in 1.06 s
    - Decrypted Msg: 'This is a secret Message!'

--- Testing Dimension 197 ---
  Message encrypted in 0.11 ms.
  Good Basis Decrypt: 100.0% success in 0.05 ms
    - Decrypted Msg: 'This is a secret Message!'
  Bad Basis Decrypt:  100.0% success in 1.82 s
    - Decrypted Msg: 'This is a secret Message!'

--- Testing Dimension 198 ---
  Message encrypted in 0.11 ms.
  Good Basis Decrypt: 100.0% success in 0.06 ms
    - Decrypted Msg: 'This is a secret Message!'
  Bad Basis Decrypt:  100.0% success in 2.10 s
    - Decrypted Msg: 'This is a secret Message!'

--- Testing Dimension 199 ---
  Message encrypted in 0.12 ms.
  Good Basis Decrypt: 100.0% success in 0.05 ms
    - Decrypted Msg: 'This is a secret Message!'
  Bad Basis Decrypt:  100.0% success in 657.42 ms
    - Decrypted Msg: 'This is a secret Message!'

--- Testing Dimension 200 ---
  Message encrypted in 0.06 ms.
  Good Basis Decrypt: 100.0% success in 0.02 ms
    - Decrypted Msg: 'This is a secret Message!'
  Bad Basis Decrypt:  100.0% success in 2.00 s
    - Decrypted Msg: 'This is a secret Message!'

Summary results written to lattice/lattice_summary_runtime.csv
